11:34:26 | DEBUG    | Getting session from /root/eos/session.json
11:34:26 | DEBUG    | Getting session from /root/eos/session.json
11:34:28 | DEBUG    | Is fetched: True
11:34:28 | DEBUG    | Schema available in /root/eos/dest/eos30gr/api_schema.json
11:34:28 | DEBUG    | Setting AutoService for eos30gr
11:34:28 | INFO     | Service class provided
11:34:28 | DEBUG    | Using port 54919
11:34:28 | DEBUG    | Starting Docker Daemon service
11:34:28 | DEBUG    | Creating temporary folder /tmp/ersilia-aakxzn43 and mounting as volume in container
11:34:28 | DEBUG    | Image ersiliaos/eos30gr:latest is available locally
11:34:28 | DEBUG    | Using port 57559
11:34:28 | DEBUG    | Starting Docker Daemon service
11:34:28 | DEBUG    | Creating temporary folder /tmp/ersilia-io9dt1ky and mounting as volume in container
11:34:28 | INFO     | Done with initialization!
11:34:28 | DEBUG    | No file splitting necessary!
11:34:29 | DEBUG    | Reading card from eos30gr
11:34:29 | DEBUG    | Trying to get metadata from: /root/eos/dest/eos30gr
11:34:30 | DEBUG    | Reading shape from eos30gr
11:34:30 | DEBUG    | Trying to get metadata from: /root/eos/dest/eos30gr
11:34:31 | DEBUG    | Input Shape: Single
11:34:31 | DEBUG    | Input type is: compound
11:34:31 | DEBUG    | Input shape is: Single
11:34:31 | DEBUG    | Importing module: .types.compound
11:34:31 | DEBUG    | Checking RDKIT and other requirements necessary for compound inputs
11:34:31 | DEBUG    | InputShapeSingle shape: Single
11:34:31 | DEBUG    | API eos30gr:run initialized at URL http://0.0.0.0:47551
11:34:31 | DEBUG    | Schema available in /root/eos/dest/eos30gr/api_schema.json
11:34:31 | DEBUG    | No file splitting necessary!
11:34:32 | DEBUG    | Reading card from eos30gr
11:34:32 | DEBUG    | Trying to get metadata from: /root/eos/dest/eos30gr
11:34:33 | DEBUG    | Reading shape from eos30gr
11:34:33 | DEBUG    | Trying to get metadata from: /root/eos/dest/eos30gr
11:34:34 | DEBUG    | Input Shape: Single
11:34:34 | DEBUG    | Input type is: compound
11:34:34 | DEBUG    | Input shape is: Single
11:34:34 | DEBUG    | Importing module: .types.compound
11:34:34 | DEBUG    | Checking RDKIT and other requirements necessary for compound inputs
11:34:34 | DEBUG    | InputShapeSingle shape: Single
11:34:34 | DEBUG    | API eos30gr:run initialized at URL http://0.0.0.0:47551
11:34:34 | DEBUG    | Schema available in /root/eos/dest/eos30gr/api_schema.json
11:34:34 | DEBUG    | Posting to run
11:34:34 | DEBUG    | Batch size 100
11:34:34 | DEBUG    | Schema available in /root/eos/dest/eos30gr/api_schema.json
11:34:34 | DEBUG    | Checking for already available calculations in the data lake
11:34:34 | DEBUG    | Inspecting 0...
11:34:34 | DEBUG    | Calculating using model eos30gr
11:34:34 | DEBUG    | Saving in /tmp/ersilia-8vrtmmtt/todo_output.json
11:34:34 | DEBUG    | Expected number: 1
11:34:34 | DEBUG    | Entity is list: False
11:34:34 | DEBUG    | Resolving columns
11:34:34 | DEBUG    | Done with sniffing the file
11:34:34 | DEBUG    | Input: {2: 1, 3: 1}
11:34:34 | DEBUG    | Key: {1: 1}
11:34:34 | DEBUG    | Key: [1]
11:34:34 | DEBUG    | Input: [2]
11:34:34 | DEBUG    | Candidate header is ['0', 'IJDNQMDRQITEOD-UHFFFAOYSA-N', 'CCCC', 'CCCC']
11:34:34 | DEBUG    | Matching for input is [2]
11:34:34 | DEBUG    | Has header False
11:34:34 | DEBUG    | Schema {'input': [2], 'key': [1]}
11:34:34 | DEBUG    | Standardizing input single
11:34:34 | DEBUG    | Writing standardized input to /tmp/ersilia-rwzph7di/standard_input_file.csv
11:34:34 | DEBUG    | Reading standard file from /tmp/ersilia-rwzph7di/standard_input_file.csv
11:34:37 | DEBUG    | Status code: 500
11:34:37 | ERROR    | Status Code: 500
11:34:37 | DEBUG    | Working on output: /tmp/ersilia-dltqf91x/todo_output-chunk-0.json
11:34:37 | DEBUG    | Schema available in /root/eos/dest/eos30gr/api_schema.json
11:34:37 | DEBUG    | Merging 1 files into /tmp/ersilia-8vrtmmtt/todo_output.json
11:34:37 | DEBUG    | Saving calculations in the lake
11:34:37 | DEBUG    | Schema available in /root/eos/dest/eos30gr/api_schema.json
11:34:39 | DEBUG    | Data: outcome
11:34:39 | DEBUG    | Values: [None]
11:34:39 | DEBUG    | Getting pure dtype for outcome
11:34:39 | DEBUG    | This is the pure datatype: numeric_array
11:34:39 | DEBUG    | Datatype: numeric_array
11:34:39 | DEBUG    | Datatype has been matched: numeric_array over {'array', 'string_array', 'numeric_array', 'mixed_array'}
11:34:39 | DEBUG    | No merge key
11:34:39 | DEBUG    | [None]
11:34:39 | DEBUG    | numeric_array
11:34:39 | DEBUG    | outcome
11:34:39 | DEBUG    | Rearranging and returning
11:34:39 | DEBUG    | Done with unique posting
{
    "input": {
        "key": "IJDNQMDRQITEOD-UHFFFAOYSA-N",
        "input": "CCCC",
        "text": "CCCC"
    },
    "output": {
        "outcome": [
            null
        ]
    }
}
